[+]:增加
[-]:减少
[=]:修改
[f]:修复

todo:{
    bundle-zh-cn
    bundle
    强化废墙
    工业废料
    铁
    钢
    青铜
    高效冷却液
    钋
    建造塔
    再生投影
    铝
    StateEffects...
    钴
    钴传送带
}
0.2.0a-fix1:{
    [f]
}
0.2.0a:{
    Blocks:
        [+]齐射-alpha
        [+]青铜墙
        [f]重绘硅钢机、大型硅钢机贴图
        [f]重绘电解分离机贴图
        [=]修改部分建筑建材
        [=]fissionReactor
        [+]超载状态投影贴图
        [f]disaster
    UnitTypes:
        [f]anvil
    Other:
        [=]bundle-zh-cn
}
0.1.25c:{
    Block:
        [f]longsword
    UnitTypes:
        [+]anvil
        todo:重绘贴图
}

0.1.25b:{
    Block:
        [+]增加炮塔射击声音
}

0.1.25a:{
    Block:
        [f]longsword
}

0.1.24b:{
    Item:
        [+]青铜
    Block:
        [+]青铜冶炼厂
        [=]修改部分建筑建材
        [=]longsword:
            增加弹药类型:黄铜
            fix
    Fx:
        [=]shootFireFx
}

0.1.24a-fix3:{
    Block:
        [=]longsword
        [=]powerTurret4:
            [+]状态效果:冻结,1s
        [=]pureEmptiness:
            [+]弹壳特效
        [=]sharpSpear
            [+]弹壳特效
    Other:
        [=]bundle-zh-cn
}

0.1.24a-fix2:{
    Fx:
        [=]shootFireFx
}

0.1.24a-fix1:{
    Block:
        [=]percussionDrilling:
            [f]氢气消耗 0.0125f->2f
}

0.1.24a:{
    Fx:
        [=]shootFireFx
    Items:
        [+]metaglassBottle
        [+]wateryMetaglassBottle
    [+]Attribute:
        [+]metal
    Blocks:
        [+]glassAssemblyMachine
        [+]waterTankFillingMachine
        [+]waterDispenser
        [=]highTemperatureMeltingFurnace:
            [=]consumePower 2f->1.5f
        [=]percussionDrilling:
            [=]氢气消耗 0.0125f->2f
}

0.1.23d-fix2:{
    Fx:
        [=]shootFireFx
    Items:
        [=]tin:
            [=]hardness 0->1
    Liquids:
        [=]diesel:
            [=]explosiveness 0.4f->0.8f
        [=]kerosene:
            flammability 1.2f->1.4f
    Blocks:
        [=]percussionDrilling:
            [=]requirements
            [=]drillTime 300f->280f
            [+]liquidBoostIntensity=4.2f
}